<?xml version="1.0" encoding="UTF-8"?>
<!-- Generated by org.testng.reporters.JUnitXMLReporter -->
<testsuite ignored="1" hostname="DESKTOP-4JBFE39" failures="0" tests="2" name="Default test" time="0.037" errors="0" timestamp="05 Nov 2018 14:31:49 GMT">
  <testcase classname="Test.BasicDay3" name="LoginAPIcarloan" time="0.0"/>
  <testcase classname="Test.BasicDay3" name="WebloginCarloan" time="0.0"/>
  <testcase classname="Test.BasicDay3" name="MobileloginCarloan" time="0.0">
    <ignored/>
  </testcase> <!-- MobileloginCarloan -->
</testsuite> <!-- Default test -->
