<?xml version="1.0" encoding="UTF-8"?>
<!-- Generated by org.testng.reporters.JUnitXMLReporter -->
<testsuite ignored="1" hostname="DESKTOP-4JBFE39" failures="0" tests="5" name="Car Loan" time="0.016" errors="0" timestamp="06 Nov 2018 11:34:47 GMT">
  <testcase classname="Test.BasicDay3" name="LoginAPIcarloan" time="0.001"/>
  <testcase classname="Test.BasicDay3" name="WebloginCarloan" time="0.001"/>
  <testcase classname="Test.BasicDay4" name="LoginAPIHomeloan" time="0.001"/>
  <testcase classname="Test.BasicDay4" name="MobileloginHomeloan" time="0.001"/>
  <testcase classname="Test.BasicDay4" name="WebloginHomeloan" time="0.001"/>
  <testcase classname="Test.BasicDay3" name="MobileloginCarloan" time="0.0">
    <ignored/>
  </testcase> <!-- MobileloginCarloan -->
</testsuite> <!-- Car Loan -->
