<?xml version="1.0" encoding="UTF-8"?>
<!-- Generated by org.testng.reporters.JUnitXMLReporter -->
<testsuite ignored="1" hostname="DESKTOP-4JBFE39" failures="0" tests="2" name="personal Loan" time="0.045" errors="0" timestamp="06 Nov 2018 11:34:47 GMT">
  <testcase classname="Test.BasicDay1" name="demo" time="0.006"/>
  <testcase classname="Test.BasicDay2" name="PersonalLoan" time="0.002"/>
  <testcase classname="Test.BasicDay1" name="SecondTest" time="0.0">
    <ignored/>
  </testcase> <!-- SecondTest -->
</testsuite> <!-- personal Loan -->
