<?xml version="1.0" encoding="UTF-8"?>
<!-- Generated by org.testng.reporters.JUnitXMLReporter -->
<testsuite ignored="6" hostname="DESKTOP-4JBFE39" failures="0" tests="3" name="Regression" time="0.031" errors="0" timestamp="05 Nov 2018 13:46:36 GMT">
  <testcase classname="Test.BasicDay2" name="PersonalLoan" time="0.013"/>
  <testcase classname="Test.BasicDay3" name="LoginAPIcarloan" time="0.006"/>
  <testcase classname="Test.BasicDay4" name="MobileloginHomeloan" time="0.0"/>
  <testcase classname="Test.BasicDay1" name="demo" time="0.0">
    <ignored/>
  </testcase> <!-- demo -->
  <testcase classname="Test.BasicDay4" name="LoginAPIHomeloan" time="0.0">
    <ignored/>
  </testcase> <!-- LoginAPIHomeloan -->
  <testcase classname="Test.BasicDay3" name="MobileloginCarloan" time="0.0">
    <ignored/>
  </testcase> <!-- MobileloginCarloan -->
  <testcase classname="Test.BasicDay3" name="WebloginCarloan" time="0.0">
    <ignored/>
  </testcase> <!-- WebloginCarloan -->
  <testcase classname="Test.BasicDay4" name="WebloginHomeloan" time="0.0">
    <ignored/>
  </testcase> <!-- WebloginHomeloan -->
  <testcase classname="Test.BasicDay1" name="SecondTest" time="0.0">
    <ignored/>
  </testcase> <!-- SecondTest -->
</testsuite> <!-- Regression -->
